<!DOCTYPE html PUBLIC "-//W3C//DTD XHTML 1.1//EN" "https://www.w3.org/TR/xhtml11/DTD/xhtml11.dtd">
<html xmlns="https://www.w3.org/1999/xhtml">
<head>
<meta charset='utf-8'>
<title>TestNG Report</title>
<style type="text/css">
table {margin-bottom:10px;border-collapse:collapse;empty-cells:show}
td,th {border:1px solid #009;padding:.25em .5em}
.result th {vertical-align:bottom}
.param th {padding-left:1em;padding-right:1em}
.param td {padding-left:.5em;padding-right:2em}
.stripe td,.stripe th {background-color: #E6EBF9}
.numi,.numi_attn {text-align:right}
.total td {font-weight:bold}
.passedodd td {background-color: #0A0}
.passedeven td {background-color: #3F3}
.skippedodd td {background-color: #CCC}
.skippedodd td {background-color: #DDD}
.failedodd td,.numi_attn {background-color: #F33}
.failedeven td,.stripe .numi_attn {background-color: #D00}
.stacktrace {white-space:pre;font-family:monospace}
.totop {font-size:85%;text-align:center;border-bottom:2px solid #000}
</style>
</head>
<body>
<table cellspacing="0" cellpadding="0" class="testOverview">
<tr><th>Test</th><th>Methods<br/>Passed</th><th>Scenarios<br/>Passed</th><th># skipped</th><th># failed</th><th>Total<br/>Time</th><th>Included<br/>Groups</th><th>Excluded<br/>Groups</th></tr>
<tr><td style="text-align:left;padding-right:2em"><a href="#t1">Login Test</a></td><td class="numi">11</td><td class="numi">3</td><td class="numi">0</td><td class="numi_attn">11</td><td class="numi">112.5 seconds</td><td class="numi"></td><td class="numi"></td></tr>
</table>
<table cellspacing="0" cellpadding="0" class="methodOverview" id="summary">
<tr><th>Class</th><th>Method</th><th># of<br/>Scenarios</th><th>Start</th><th>Time<br/>(ms)</th></tr>
<tr id="t1"><th colspan="5">Login Test &#8212; failed</th></tr>
<tr class="failedodd"><td rowspan="11">com.netbankingproject.testCases.LoginTest</td><td><a href="#m1"><b>login</b>  </a></td><td class="numi">8</td><td>1596564844788</td><td class="numi">52235</td></tr><tr class="failedodd"><td><a href="#m2"><b>login</b>  </a></td><td class="numi">8</td><td>1596564844788</td><td class="numi">52235</td></tr><tr class="failedodd"><td><a href="#m3"><b>login</b>  </a></td><td class="numi">8</td><td>1596564844788</td><td class="numi">52235</td></tr><tr class="failedodd"><td><a href="#m4"><b>login</b>  </a></td><td class="numi">8</td><td>1596564844788</td><td class="numi">52235</td></tr><tr class="failedodd"><td><a href="#m5"><b>login</b>  </a></td><td class="numi">8</td><td>1596564844788</td><td class="numi">52235</td></tr><tr class="failedodd"><td><a href="#m6"><b>login</b>  </a></td><td class="numi">8</td><td>1596564844788</td><td class="numi">52235</td></tr><tr class="failedodd"><td><a href="#m7"><b>login</b>  </a></td><td class="numi">8</td><td>1596564844788</td><td class="numi">52235</td></tr><tr class="failedodd"><td><a href="#m8"><b>login</b>  </a></td><td class="numi">8</td><td>1596564844788</td><td class="numi">52235</td></tr><tr class="failedodd"><td><a href="#m9"><b>login</b>  </a></td><td class="numi">8</td><td>1596564844788</td><td class="numi">52235</td></tr><tr class="failedodd"><td><a href="#m10"><b>login</b>  </a></td><td class="numi">8</td><td>1596564844788</td><td class="numi">52235</td></tr><tr class="failedodd"><td><a href="#m11"><b>login</b>  </a></td><td class="numi">8</td><td>1596564844788</td><td class="numi">52235</td></tr>
<tr><th colspan="5">Login Test &#8212; passed</th></tr>
<tr class="passedodd"><td rowspan="11">com.netbankingproject.testCases.LoginTest</td><td><a href="#m12"><b>login</b>  </a></td><td class="numi">3</td><td>1596564824596</td><td class="numi">98930</td></tr><tr class="passedodd"><td><a href="#m13"><b>login</b>  </a></td><td class="numi">3</td><td>1596564824596</td><td class="numi">98930</td></tr><tr class="passedodd"><td><a href="#m14"><b>login</b>  </a></td><td class="numi">3</td><td>1596564824596</td><td class="numi">98930</td></tr><tr class="passedodd"><td><a href="#m15"><b>login</b>  </a></td><td class="numi">3</td><td>1596564824596</td><td class="numi">98930</td></tr><tr class="passedodd"><td><a href="#m16"><b>login</b>  </a></td><td class="numi">3</td><td>1596564824596</td><td class="numi">98930</td></tr><tr class="passedodd"><td><a href="#m17"><b>login</b>  </a></td><td class="numi">3</td><td>1596564824596</td><td class="numi">98930</td></tr><tr class="passedodd"><td><a href="#m18"><b>login</b>  </a></td><td class="numi">3</td><td>1596564824596</td><td class="numi">98930</td></tr><tr class="passedodd"><td><a href="#m19"><b>login</b>  </a></td><td class="numi">3</td><td>1596564824596</td><td class="numi">98930</td></tr><tr class="passedodd"><td><a href="#m20"><b>login</b>  </a></td><td class="numi">3</td><td>1596564824596</td><td class="numi">98930</td></tr><tr class="passedodd"><td><a href="#m21"><b>login</b>  </a></td><td class="numi">3</td><td>1596564824596</td><td class="numi">98930</td></tr><tr class="passedodd"><td><a href="#m22"><b>login</b>  </a></td><td class="numi">3</td><td>1596564824596</td><td class="numi">98930</td></tr>
</table>
<h1>Login Test</h1>
<h2 id="m1">com.netbankingproject.testCases.LoginTest:login</h2>
<table cellspacing="0" cellpadding="0" class="result">
<tr class="param"><th>Parameter #1</th><th>Parameter #2</th></tr>
<tr class="param stripe"><td>mngr276526</td>
<td>UzahYsy</td>
</tr>
<tr><td colspan="2">
<div class="stacktrace">org.openqa.selenium.NoSuchElementException: Cannot locate an element using name=uid
For documentation on this error, please visit: https://www.seleniumhq.org/exceptions/no_such_element.html
Build info: version: &apos;3.141.59&apos;, revision: &apos;e82be7d358&apos;, time: &apos;2018-11-14T08:17:03&apos;
System info: host: &apos;ARUN&apos;, ip: &apos;192.168.0.10&apos;, os.name: &apos;Windows 10&apos;, os.arch: &apos;amd64&apos;, os.version: &apos;10.0&apos;, java.version: &apos;1.8.0_251&apos;
Driver info: driver.version: RemoteWebDriver
	at org.openqa.selenium.remote.RemoteWebDriver.findElement(RemoteWebDriver.java:327)
	at org.openqa.selenium.remote.RemoteWebDriver.findElementByName(RemoteWebDriver.java:404)
	at org.openqa.selenium.By$ByName.findElement(By.java:284)
	at org.openqa.selenium.remote.RemoteWebDriver.findElement(RemoteWebDriver.java:315)
	at org.openqa.selenium.support.pagefactory.DefaultElementLocator.findElement(DefaultElementLocator.java:69)
	at org.openqa.selenium.support.pagefactory.internal.LocatingElementHandler.invoke(LocatingElementHandler.java:38)
	at com.sun.proxy.$Proxy9.sendKeys(Unknown Source)
	at com.netbankingproject.pageObjects.LoginPage.setUserId(LoginPage.java:33)
	at com.netbankingproject.testCases.LoginTest.login(LoginTest.java:15)
	at java.util.ArrayList.forEach(ArrayList.java:1257)
	at com.intellij.rt.testng.IDEARemoteTestNG.run(IDEARemoteTestNG.java:66)
	at com.intellij.rt.testng.RemoteTestNGStarter.main(RemoteTestNGStarter.java:109)
... Removed 24 stack frames</div>
</td></tr>
</table>
<p class="totop"><a href="#summary">back to summary</a></p>
<h2 id="m2">com.netbankingproject.testCases.LoginTest:login</h2>
<table cellspacing="0" cellpadding="0" class="result">
<tr class="param"><th>Parameter #1</th><th>Parameter #2</th></tr>
<tr class="param stripe"><td>mngr276522</td>
<td>arun1234</td>
</tr>
<tr><td colspan="2">
<div class="stacktrace">java.lang.AssertionError: expected [true] but found [false]
	at com.netbankingproject.testCases.LoginTest.login(LoginTest.java:28)
	at java.util.ArrayList.forEach(ArrayList.java:1257)
	at com.intellij.rt.testng.IDEARemoteTestNG.run(IDEARemoteTestNG.java:66)
	at com.intellij.rt.testng.RemoteTestNGStarter.main(RemoteTestNGStarter.java:109)
... Removed 28 stack frames</div>
</td></tr>
</table>
<p class="totop"><a href="#summary">back to summary</a></p>
<h2 id="m3">com.netbankingproject.testCases.LoginTest:login</h2>
<table cellspacing="0" cellpadding="0" class="result">
<tr class="param"><th>Parameter #1</th><th>Parameter #2</th></tr>
<tr class="param stripe"><td>mngr276540</td>
<td>arun1234</td>
</tr>
<tr><td colspan="2">
<div class="stacktrace">java.lang.AssertionError: expected [true] but found [false]
	at com.netbankingproject.testCases.LoginTest.login(LoginTest.java:28)
	at java.util.ArrayList.forEach(ArrayList.java:1257)
	at com.intellij.rt.testng.IDEARemoteTestNG.run(IDEARemoteTestNG.java:66)
	at com.intellij.rt.testng.RemoteTestNGStarter.main(RemoteTestNGStarter.java:109)
... Removed 28 stack frames</div>
</td></tr>
</table>
<p class="totop"><a href="#summary">back to summary</a></p>
<h2 id="m4">com.netbankingproject.testCases.LoginTest:login</h2>
<table cellspacing="0" cellpadding="0" class="result">
<tr class="param"><th>Parameter #1</th><th>Parameter #2</th></tr>
<tr class="param stripe"><td>mngr276521</td>
<td>arun1234</td>
</tr>
<tr><td colspan="2">
<div class="stacktrace">org.openqa.selenium.UnhandledAlertException: unexpected alert open: {Alert text : You Have Succesfully Logged Out!!}
  (Session info: chrome=84.0.4147.105): You Have Succesfully Logged Out!!
Build info: version: &apos;3.141.59&apos;, revision: &apos;e82be7d358&apos;, time: &apos;2018-11-14T08:17:03&apos;
System info: host: &apos;ARUN&apos;, ip: &apos;192.168.0.10&apos;, os.name: &apos;Windows 10&apos;, os.arch: &apos;amd64&apos;, os.version: &apos;10.0&apos;, java.version: &apos;1.8.0_251&apos;
Driver info: org.openqa.selenium.chrome.ChromeDriver
Capabilities {acceptInsecureCerts: false, browserName: chrome, browserVersion: 84.0.4147.105, chrome: {chromedriverVersion: 84.0.4147.30 (48b3e868b4cc0..., userDataDir: C:\Users\arunp\AppData\Loca...}, goog:chromeOptions: {debuggerAddress: localhost:55457}, javascriptEnabled: true, networkConnectionEnabled: false, pageLoadStrategy: normal, platform: WINDOWS, platformName: WINDOWS, proxy: Proxy(), setWindowRect: true, strictFileInteractability: false, timeouts: {implicit: 0, pageLoad: 300000, script: 30000}, unhandledPromptBehavior: dismiss and notify, webauthn:virtualAuthenticators: true}
Session ID: 31c13d0bfa23245f8ef4934db12a8a3c
*** Element info: {Using=name, value=uid}
	at org.openqa.selenium.remote.http.W3CHttpResponseCodec.decode(W3CHttpResponseCodec.java:120)
	at org.openqa.selenium.remote.http.W3CHttpResponseCodec.decode(W3CHttpResponseCodec.java:49)
	at org.openqa.selenium.remote.HttpCommandExecutor.execute(HttpCommandExecutor.java:158)
	at org.openqa.selenium.remote.service.DriverCommandExecutor.execute(DriverCommandExecutor.java:83)
	at org.openqa.selenium.remote.RemoteWebDriver.execute(RemoteWebDriver.java:552)
	at org.openqa.selenium.remote.RemoteWebDriver.findElement(RemoteWebDriver.java:323)
	at org.openqa.selenium.remote.RemoteWebDriver.findElementByName(RemoteWebDriver.java:404)
	at org.openqa.selenium.By$ByName.findElement(By.java:284)
	at org.openqa.selenium.remote.RemoteWebDriver.findElement(RemoteWebDriver.java:315)
	at org.openqa.selenium.support.pagefactory.DefaultElementLocator.findElement(DefaultElementLocator.java:69)
	at org.openqa.selenium.support.pagefactory.internal.LocatingElementHandler.invoke(LocatingElementHandler.java:38)
	at com.sun.proxy.$Proxy9.sendKeys(Unknown Source)
	at com.netbankingproject.pageObjects.LoginPage.setUserId(LoginPage.java:33)
	at com.netbankingproject.testCases.LoginTest.login(LoginTest.java:15)
	at java.util.ArrayList.forEach(ArrayList.java:1257)
	at com.intellij.rt.testng.IDEARemoteTestNG.run(IDEARemoteTestNG.java:66)
	at com.intellij.rt.testng.RemoteTestNGStarter.main(RemoteTestNGStarter.java:109)
... Removed 24 stack frames</div>
</td></tr>
</table>
<p class="totop"><a href="#summary">back to summary</a></p>
<h2 id="m5">com.netbankingproject.testCases.LoginTest:login</h2>
<table cellspacing="0" cellpadding="0" class="result">
<tr class="param"><th>Parameter #1</th><th>Parameter #2</th></tr>
<tr class="param stripe"><td>mngr276537</td>
<td>arun1234</td>
</tr>
<tr><td colspan="2">
<div class="stacktrace">java.lang.AssertionError: expected [true] but found [false]
	at com.netbankingproject.testCases.LoginTest.login(LoginTest.java:28)
	at java.util.ArrayList.forEach(ArrayList.java:1257)
	at com.intellij.rt.testng.IDEARemoteTestNG.run(IDEARemoteTestNG.java:66)
	at com.intellij.rt.testng.RemoteTestNGStarter.main(RemoteTestNGStarter.java:109)
... Removed 28 stack frames</div>
</td></tr>
</table>
<p class="totop"><a href="#summary">back to summary</a></p>
<h2 id="m6">com.netbankingproject.testCases.LoginTest:login</h2>
<table cellspacing="0" cellpadding="0" class="result">
<tr class="param"><th>Parameter #1</th><th>Parameter #2</th></tr>
<tr class="param stripe"><td>mngr276578</td>
<td>arun1234</td>
</tr>
<tr><td colspan="2">
<div class="stacktrace">java.lang.AssertionError: expected [true] but found [false]
	at com.netbankingproject.testCases.LoginTest.login(LoginTest.java:28)
	at java.util.ArrayList.forEach(ArrayList.java:1257)
	at com.intellij.rt.testng.IDEARemoteTestNG.run(IDEARemoteTestNG.java:66)
	at com.intellij.rt.testng.RemoteTestNGStarter.main(RemoteTestNGStarter.java:109)
... Removed 28 stack frames</div>
</td></tr>
</table>
<p class="totop"><a href="#summary">back to summary</a></p>
<h2 id="m7">com.netbankingproject.testCases.LoginTest:login</h2>
<table cellspacing="0" cellpadding="0" class="result">
<tr class="param"><th>Parameter #1</th><th>Parameter #2</th></tr>
<tr class="param stripe"><td>mngr276594</td>
<td>arun1234</td>
</tr>
<tr><td colspan="2">
<div class="stacktrace">java.lang.AssertionError: expected [true] but found [false]
	at com.netbankingproject.testCases.LoginTest.login(LoginTest.java:28)
	at java.util.ArrayList.forEach(ArrayList.java:1257)
	at com.intellij.rt.testng.IDEARemoteTestNG.run(IDEARemoteTestNG.java:66)
	at com.intellij.rt.testng.RemoteTestNGStarter.main(RemoteTestNGStarter.java:109)
... Removed 28 stack frames</div>
</td></tr>
</table>
<p class="totop"><a href="#summary">back to summary</a></p>
<h2 id="m8">com.netbankingproject.testCases.LoginTest:login</h2>
<table cellspacing="0" cellpadding="0" class="result">
<tr class="param"><th>Parameter #1</th><th>Parameter #2</th></tr>
<tr class="param stripe"><td>mngr276524</td>
<td>uvanEnE</td>
</tr>
<tr><td colspan="2">
<div class="stacktrace">org.openqa.selenium.NoAlertPresentException: no such alert
  (Session info: chrome=84.0.4147.105)
Build info: version: &apos;3.141.59&apos;, revision: &apos;e82be7d358&apos;, time: &apos;2018-11-14T08:17:03&apos;
System info: host: &apos;ARUN&apos;, ip: &apos;192.168.0.10&apos;, os.name: &apos;Windows 10&apos;, os.arch: &apos;amd64&apos;, os.version: &apos;10.0&apos;, java.version: &apos;1.8.0_251&apos;
Driver info: org.openqa.selenium.chrome.ChromeDriver
Capabilities {acceptInsecureCerts: false, browserName: chrome, browserVersion: 84.0.4147.105, chrome: {chromedriverVersion: 84.0.4147.30 (48b3e868b4cc0..., userDataDir: C:\Users\arunp\AppData\Loca...}, goog:chromeOptions: {debuggerAddress: localhost:55457}, javascriptEnabled: true, networkConnectionEnabled: false, pageLoadStrategy: normal, platform: WINDOWS, platformName: WINDOWS, proxy: Proxy(), setWindowRect: true, strictFileInteractability: false, timeouts: {implicit: 0, pageLoad: 300000, script: 30000}, unhandledPromptBehavior: dismiss and notify, webauthn:virtualAuthenticators: true}
Session ID: 31c13d0bfa23245f8ef4934db12a8a3c
	at org.openqa.selenium.remote.http.W3CHttpResponseCodec.createException(W3CHttpResponseCodec.java:187)
	at org.openqa.selenium.remote.http.W3CHttpResponseCodec.decode(W3CHttpResponseCodec.java:122)
	at org.openqa.selenium.remote.http.W3CHttpResponseCodec.decode(W3CHttpResponseCodec.java:49)
	at org.openqa.selenium.remote.HttpCommandExecutor.execute(HttpCommandExecutor.java:158)
	at org.openqa.selenium.remote.service.DriverCommandExecutor.execute(DriverCommandExecutor.java:83)
	at org.openqa.selenium.remote.RemoteWebDriver.execute(RemoteWebDriver.java:552)
	at org.openqa.selenium.remote.RemoteWebDriver.execute(RemoteWebDriver.java:609)
	at org.openqa.selenium.remote.RemoteWebDriver$RemoteTargetLocator.alert(RemoteWebDriver.java:932)
	at com.netbankingproject.testCases.LoginTest.login(LoginTest.java:37)
	at java.util.ArrayList.forEach(ArrayList.java:1257)
	at com.intellij.rt.testng.IDEARemoteTestNG.run(IDEARemoteTestNG.java:66)
	at com.intellij.rt.testng.RemoteTestNGStarter.main(RemoteTestNGStarter.java:109)
... Removed 28 stack frames</div>
</td></tr>
</table>
<p class="totop"><a href="#summary">back to summary</a></p>
<h2 id="m9">com.netbankingproject.testCases.LoginTest:login</h2>
<table cellspacing="0" cellpadding="0" class="result">
<tr class="param"><th>Parameter #1</th><th>Parameter #2</th></tr>
<tr class="param stripe"><td>mngr276526</td>
<td>UzahYsy</td>
</tr>
</table>
<p class="totop"><a href="#summary">back to summary</a></p>
<h2 id="m10">com.netbankingproject.testCases.LoginTest:login</h2>
<table cellspacing="0" cellpadding="0" class="result">
<tr class="param"><th>Parameter #1</th><th>Parameter #2</th></tr>
<tr class="param stripe"><td>mngr276524</td>
<td>uvanEnE</td>
</tr>
</table>
<p class="totop"><a href="#summary">back to summary</a></p>
<h2 id="m11">com.netbankingproject.testCases.LoginTest:login</h2>
<table cellspacing="0" cellpadding="0" class="result">
<tr class="param"><th>Parameter #1</th><th>Parameter #2</th></tr>
<tr class="param stripe"><td>mngr276523</td>
<td>bEmamah</td>
</tr>
</table>
<p class="totop"><a href="#summary">back to summary</a></p>
</body></html>
